app/build/intermediates/manifest_merge_blame_file/release/manifest-merger-blame-release-report.txt
1<?xml version="1.0" encoding="utf-8"?>
2<manifest xmlns:android="http://schemas.android.com/apk/res/android"
3    package="com.skytek.live.wallpapers"
4    android:versionCode="46"
5    android:versionName="1.0.5" >
6
7    <uses-sdk
8        android:minSdkVersion="23"
8-->src\main\AndroidManifest.xml
9        android:targetSdkVersion="33" />
9-->src\main\AndroidManifest.xml
10
11    <uses-feature
11-->src\main\AndroidManifest.xml:6:5-8:35
12        android:name="android.software.live_wallpaper"
12-->src\main\AndroidManifest.xml:7:9-55
13        android:required="true" />
13-->src\main\AndroidManifest.xml:8:9-32
14    <uses-feature
14-->src\main\AndroidManifest.xml:9:5-11:35
15        android:glEsVersion="0x00020000"
15-->src\main\AndroidManifest.xml:10:9-41
16        android:required="true" />
16-->src\main\AndroidManifest.xml:11:9-32
17
18    <uses-permission android:name="android.permission.ACCESS_NETWORK_STATE" />
18-->src\main\AndroidManifest.xml:13:5-79
18-->src\main\AndroidManifest.xml:13:22-76
19    <uses-permission android:name="android.permission.ACCESS_NETWORK_STATE" />
19-->src\main\AndroidManifest.xml:13:5-79
19-->src\main\AndroidManifest.xml:13:22-76
20    <uses-permission android:name="android.permission.SET_WALLPAPER" />
20-->src\main\AndroidManifest.xml:18:5-72
20-->src\main\AndroidManifest.xml:18:22-69
21    <uses-permission android:name="android.permission.WRITE_EXTERNAL_STORAGE" />
21-->src\main\AndroidManifest.xml:19:5-21:40
21-->src\main\AndroidManifest.xml:20:9-65
22    <uses-permission android:name="android.permission.READ_EXTERNAL_STORAGE" />
22-->src\main\AndroidManifest.xml:22:5-80
22-->src\main\AndroidManifest.xml:22:22-77
23    <uses-permission android:name="android.permission.READ_MEDIA_VIDEO" />
23-->src\main\AndroidManifest.xml:23:5-75
23-->src\main\AndroidManifest.xml:23:22-72
24    <uses-permission android:name="android.permission.INTERNET" />
24-->src\main\AndroidManifest.xml:24:5-67
24-->src\main\AndroidManifest.xml:24:22-64
25    <uses-permission android:name="android.permission.DOWNLOAD_WITHOUT_NOTIFICATION" />
25-->src\main\AndroidManifest.xml:25:5-88
25-->src\main\AndroidManifest.xml:25:22-85
26    <uses-permission android:name="android.permission.ACCESS_NETWORK_STATE" />
26-->src\main\AndroidManifest.xml:13:5-79
26-->src\main\AndroidManifest.xml:13:22-76
27    <uses-permission android:name="com.google.android.gms.permission.AD_ID" />
27-->src\main\AndroidManifest.xml:27:5-78
27-->src\main\AndroidManifest.xml:27:22-76
28
29    <supports-gl-texture android:name="GL_OES_compressed_ETC1_RGB8_texture" />
29-->src\main\AndroidManifest.xml:29:5-79
29-->src\main\AndroidManifest.xml:29:26-76
30    <supports-gl-texture android:name="GL_OES_compressed_paletted_texture" />
30-->src\main\AndroidManifest.xml:30:5-78
30-->src\main\AndroidManifest.xml:30:26-75
31
32    <!-- Permission will be merged into the manifest of the hosting app. -->
33    <!-- Is required to launch foreground extraction service for targetSdkVersion 28+. -->
34    <uses-permission android:name="android.permission.FOREGROUND_SERVICE" /> <!-- Android package visibility setting -->
34-->[com.google.android.play:core:1.10.0] AndroidManifest.xml:8:3-74
34-->[com.google.android.play:core:1.10.0] AndroidManifest.xml:8:20-72
35    <queries>
35-->[com.google.android.gms:play-services-ads-lite:20.5.0] AndroidManifest.xml:28:5-44:15
36
37        <!-- For browser content -->
38        <intent>
38-->[com.google.android.gms:play-services-ads-lite:20.5.0] AndroidManifest.xml:31:9-37:18
39            <action android:name="android.intent.action.VIEW" />
39-->[com.google.android.gms:play-services-ads-lite:20.5.0] AndroidManifest.xml:32:13-65
39-->[com.google.android.gms:play-services-ads-lite:20.5.0] AndroidManifest.xml:32:21-62
40
41            <category android:name="android.intent.category.BROWSABLE" />
41-->[com.google.android.gms:play-services-ads-lite:20.5.0] AndroidManifest.xml:34:13-74
41-->[com.google.android.gms:play-services-ads-lite:20.5.0] AndroidManifest.xml:34:23-71
42
43            <data android:scheme="https" />
43-->[com.google.android.gms:play-services-ads-lite:20.5.0] AndroidManifest.xml:36:13-44
43-->[com.google.android.gms:play-services-ads-lite:20.5.0] AndroidManifest.xml:36:19-41
44        </intent>
45        <!-- End of browser content -->
46        <!-- For CustomTabsService -->
47        <intent>
47-->[com.google.android.gms:play-services-ads-lite:20.5.0] AndroidManifest.xml:40:9-42:18
48            <action android:name="android.support.customtabs.action.CustomTabsService" />
48-->[com.google.android.gms:play-services-ads-lite:20.5.0] AndroidManifest.xml:41:13-90
48-->[com.google.android.gms:play-services-ads-lite:20.5.0] AndroidManifest.xml:41:21-87
49        </intent>
50        <!-- End of CustomTabsService -->
51        <package android:name="com.facebook.katana" />
51-->[com.facebook.android:audience-network-sdk:6.8.0] AndroidManifest.xml:12:9-55
51-->[com.facebook.android:audience-network-sdk:6.8.0] AndroidManifest.xml:12:18-52
52    </queries>
53
54    <uses-permission android:name="android.permission.WAKE_LOCK" />
54-->[com.google.android.gms:play-services-measurement-api:20.1.0] AndroidManifest.xml:24:5-68
54-->[com.google.android.gms:play-services-measurement-api:20.1.0] AndroidManifest.xml:24:22-65
55    <uses-permission android:name="com.google.android.finsky.permission.BIND_GET_INSTALL_REFERRER_SERVICE" />
55-->[com.google.android.gms:play-services-measurement:20.1.0] AndroidManifest.xml:26:5-110
55-->[com.google.android.gms:play-services-measurement:20.1.0] AndroidManifest.xml:26:22-107
56    <uses-permission android:name="android.permission.RECEIVE_BOOT_COMPLETED" />
56-->[androidx.work:work-runtime:2.7.0] AndroidManifest.xml:27:5-81
56-->[androidx.work:work-runtime:2.7.0] AndroidManifest.xml:27:22-78
57
58    <application
58-->src\main\AndroidManifest.xml:32:5-141:19
59        android:name="com.skytek.live.wallpapers.MyApplication"
59-->src\main\AndroidManifest.xml:33:9-38
60        android:allowBackup="true"
60-->src\main\AndroidManifest.xml:34:9-35
61        android:appComponentFactory="androidx.core.app.CoreComponentFactory"
61-->[androidx.core:core:1.8.0] AndroidManifest.xml:24:18-86
62        android:extractNativeLibs="false"
63        android:icon="@mipmap/ic_launcher"
63-->src\main\AndroidManifest.xml:35:9-43
64        android:label="@string/app_name"
64-->src\main\AndroidManifest.xml:36:9-41
65        android:networkSecurityConfig="@xml/network_security_config"
65-->src\main\AndroidManifest.xml:37:9-69
66        android:requestLegacyExternalStorage="true"
66-->src\main\AndroidManifest.xml:38:9-52
67        android:roundIcon="@mipmap/ic_launcher_round"
67-->src\main\AndroidManifest.xml:39:9-54
68        android:supportsRtl="true"
68-->src\main\AndroidManifest.xml:40:9-35
69        android:theme="@style/Theme.LiveWallpaper" >
69-->src\main\AndroidManifest.xml:41:9-51
70        <activity
70-->src\main\AndroidManifest.xml:42:9-45:65
71            android:name="com.skytek.live.wallpapers.Search"
71-->src\main\AndroidManifest.xml:43:13-35
72            android:exported="true"
72-->src\main\AndroidManifest.xml:44:13-36
73            android:theme="@style/Theme.AppCompat.NoActionBar" />
73-->src\main\AndroidManifest.xml:45:13-63
74        <activity
74-->src\main\AndroidManifest.xml:46:9-48:39
75            android:name="com.skytek.live.wallpapers.exitScreen"
75-->src\main\AndroidManifest.xml:47:13-39
76            android:exported="true" />
76-->src\main\AndroidManifest.xml:48:13-36
77        <activity
77-->src\main\AndroidManifest.xml:49:9-57:20
78            android:name="com.skytek.live.wallpapers.splashMainActivity"
78-->src\main\AndroidManifest.xml:50:13-47
79            android:exported="true" >
79-->src\main\AndroidManifest.xml:51:13-36
80            <intent-filter>
80-->src\main\AndroidManifest.xml:52:13-56:29
81                <action android:name="android.intent.action.MAIN" />
81-->src\main\AndroidManifest.xml:53:17-69
81-->src\main\AndroidManifest.xml:53:25-66
82
83                <category android:name="android.intent.category.LAUNCHER" />
83-->src\main\AndroidManifest.xml:55:17-77
83-->src\main\AndroidManifest.xml:55:27-74
84            </intent-filter>
85        </activity>
86        <activity
86-->src\main\AndroidManifest.xml:58:9-61:66
87            android:name="com.skytek.live.wallpapers.categorythumnail"
87-->src\main\AndroidManifest.xml:59:13-45
88            android:exported="true"
88-->src\main\AndroidManifest.xml:60:13-36
89            android:theme="@style/Theme.AppCompat.NoActionBar" />
89-->src\main\AndroidManifest.xml:61:13-63
90        <activity
90-->src\main\AndroidManifest.xml:62:9-64:39
91            android:name="com.skytek.live.wallpapers.VideoView"
91-->src\main\AndroidManifest.xml:63:13-38
92            android:exported="true" />
92-->src\main\AndroidManifest.xml:64:13-36
93        <activity android:name="com.skytek.live.wallpapers.MainLauncher" />
93-->src\main\AndroidManifest.xml:65:9-50
93-->src\main\AndroidManifest.xml:65:19-47
94        <activity
94-->src\main\AndroidManifest.xml:66:9-69:66
95            android:name="com.skytek.live.wallpapers.MainActivity"
95-->src\main\AndroidManifest.xml:67:13-41
96            android:exported="true"
96-->src\main\AndroidManifest.xml:68:13-36
97            android:theme="@style/Theme.AppCompat.NoActionBar" />
97-->src\main\AndroidManifest.xml:69:13-63
98        <activity
98-->src\main\AndroidManifest.xml:70:9-73:66
99            android:name="com.skytek.live.wallpapers.Just3D.MainActivity3d"
99-->src\main\AndroidManifest.xml:71:13-50
100            android:exported="true"
100-->src\main\AndroidManifest.xml:72:13-36
101            android:theme="@style/Theme.AppCompat.NoActionBar" />
101-->src\main\AndroidManifest.xml:73:13-63
102        <activity
102-->src\main\AndroidManifest.xml:74:9-79:67
103            android:name="com.skytek.live.wallpapers.Just3D.SettingsActivity"
103-->src\main\AndroidManifest.xml:75:13-52
104            android:exported="true"
104-->src\main\AndroidManifest.xml:76:13-36
105            android:label="@string/settings_title"
105-->src\main\AndroidManifest.xml:78:13-51
106            android:parentActivityName="com.skytek.live.wallpapers.Just3D.MainActivity3d" />
106-->src\main\AndroidManifest.xml:79:13-64
107
108        <service
108-->src\main\AndroidManifest.xml:81:9-94:19
109            android:name="com.skytek.live.wallpapers.Just3D.wallpaper.MyWallpaperService"
109-->src\main\AndroidManifest.xml:82:13-64
110            android:enabled="true"
110-->src\main\AndroidManifest.xml:83:13-35
111            android:exported="true"
111-->src\main\AndroidManifest.xml:84:13-36
112            android:label="3D Live Wallpaper"
112-->src\main\AndroidManifest.xml:85:13-46
113            android:permission="android.permission.BIND_WALLPAPER" >
113-->src\main\AndroidManifest.xml:86:13-67
114            <intent-filter>
114-->src\main\AndroidManifest.xml:87:13-89:29
115                <action android:name="android.service.wallpaper.WallpaperService" />
115-->src\main\AndroidManifest.xml:88:17-85
115-->src\main\AndroidManifest.xml:88:25-82
116            </intent-filter>
117
118            <meta-data
118-->src\main\AndroidManifest.xml:91:13-93:53
119                android:name="android.service.wallpaper"
119-->src\main\AndroidManifest.xml:92:17-57
120                android:resource="@xml/wallpaper" />
120-->src\main\AndroidManifest.xml:93:17-50
121        </service>
122
123        <activity
123-->src\main\AndroidManifest.xml:96:9-101:59
124            android:name="com.skytek.live.wallpapers.Just3D.SetActivity"
124-->src\main\AndroidManifest.xml:97:13-47
125            android:exported="true"
125-->src\main\AndroidManifest.xml:99:13-36
126            android:label="@string/set_title"
126-->src\main\AndroidManifest.xml:98:13-46
127            android:parentActivityName="com.skytek.live.wallpapers.Just3D.MainActivity3d"
127-->src\main\AndroidManifest.xml:100:13-64
128            android:theme="@style/LiveWallpaper3D.Base" />
128-->src\main\AndroidManifest.xml:101:13-56
129        <activity
129-->src\main\AndroidManifest.xml:102:9-105:66
130            android:name="com.skytek.live.wallpapers.Just3D.PreviewActivity"
130-->src\main\AndroidManifest.xml:103:13-51
131            android:exported="true"
131-->src\main\AndroidManifest.xml:104:13-36
132            android:theme="@style/LiveWallpaper3D.NoActionBar" />
132-->src\main\AndroidManifest.xml:105:13-63
133
134        <service
134-->src\main\AndroidManifest.xml:107:9-110:38
135            android:name="com.skytek.live.wallpapers.Just3D.services.SyncManager"
135-->src\main\AndroidManifest.xml:108:13-56
136            android:enabled="true"
136-->src\main\AndroidManifest.xml:110:13-35
137            android:exported="true" />
137-->src\main\AndroidManifest.xml:109:13-36
138        <service
138-->src\main\AndroidManifest.xml:111:9-124:19
139            android:name="com.skytek.live.wallpapers.VideoLiveWallpaperoffline"
139-->src\main\AndroidManifest.xml:112:13-54
140            android:exported="true"
140-->src\main\AndroidManifest.xml:113:13-36
141            android:permission="android.permission.BIND_WALLPAPER" >
141-->src\main\AndroidManifest.xml:114:13-67
142
143            <!-- android:process=":wallpaper" -->
144            <intent-filter>
144-->src\main\AndroidManifest.xml:87:13-89:29
145                <action android:name="android.service.wallpaper.WallpaperService" />
145-->src\main\AndroidManifest.xml:88:17-85
145-->src\main\AndroidManifest.xml:88:25-82
146            </intent-filter>
147
148            <meta-data
148-->src\main\AndroidManifest.xml:91:13-93:53
149                android:name="android.service.wallpaper"
149-->src\main\AndroidManifest.xml:92:17-57
150                android:resource="@xml/livewallpaper" />
150-->src\main\AndroidManifest.xml:93:17-50
151        </service>
152        <service
152-->src\main\AndroidManifest.xml:125:9-136:19
153            android:name="com.skytek.live.wallpapers.GLWallpaperService"
153-->src\main\AndroidManifest.xml:126:13-47
154            android:exported="true"
154-->src\main\AndroidManifest.xml:127:13-36
155            android:permission="android.permission.BIND_WALLPAPER" >
155-->src\main\AndroidManifest.xml:128:13-67
156            <intent-filter>
156-->src\main\AndroidManifest.xml:87:13-89:29
157                <action android:name="android.service.wallpaper.WallpaperService" />
157-->src\main\AndroidManifest.xml:88:17-85
157-->src\main\AndroidManifest.xml:88:25-82
158            </intent-filter>
159
160            <meta-data
160-->src\main\AndroidManifest.xml:91:13-93:53
161                android:name="android.service.wallpaper"
161-->src\main\AndroidManifest.xml:92:17-57
162                android:resource="@xml/livewallpaper" />
162-->src\main\AndroidManifest.xml:93:17-50
163        </service>
164
165        <meta-data
165-->src\main\AndroidManifest.xml:138:9-140:46
166            android:name="com.google.android.gms.ads.APPLICATION_ID"
166-->src\main\AndroidManifest.xml:139:13-69
167            android:value="@string/app_id" />
167-->src\main\AndroidManifest.xml:140:13-43
168
169        <activity
169-->[com.karumi:dexter:6.2.2] AndroidManifest.xml:27:9-29:72
170            android:name="com.karumi.dexter.DexterActivity"
170-->[com.karumi:dexter:6.2.2] AndroidManifest.xml:28:13-60
171            android:theme="@style/Dexter.Internal.Theme.Transparent" /> <!-- The activities will be merged into the manifest of the hosting app. -->
171-->[com.karumi:dexter:6.2.2] AndroidManifest.xml:29:13-69
172        <activity
172-->[com.google.android.play:core:1.10.0] AndroidManifest.xml:12:5-271
173            android:name="com.google.android.play.core.missingsplits.PlayCoreMissingSplitsActivity"
173-->[com.google.android.play:core:1.10.0] AndroidManifest.xml:12:15-102
174            android:enabled="false"
174-->[com.google.android.play:core:1.10.0] AndroidManifest.xml:12:103-126
175            android:exported="false"
175-->[com.google.android.play:core:1.10.0] AndroidManifest.xml:12:127-151
176            android:launchMode="singleInstance"
176-->[com.google.android.play:core:1.10.0] AndroidManifest.xml:12:204-239
177            android:process=":playcore_missing_splits_activity"
177-->[com.google.android.play:core:1.10.0] AndroidManifest.xml:12:152-203
178            android:stateNotNeeded="true" />
178-->[com.google.android.play:core:1.10.0] AndroidManifest.xml:12:240-269
179        <activity
179-->[com.google.android.play:core:1.10.0] AndroidManifest.xml:13:5-226
180            android:name="com.google.android.play.core.common.PlayCoreDialogWrapperActivity"
180-->[com.google.android.play:core:1.10.0] AndroidManifest.xml:13:15-95
181            android:enabled="false"
181-->[com.google.android.play:core:1.10.0] AndroidManifest.xml:13:96-119
182            android:exported="false"
182-->[com.google.android.play:core:1.10.0] AndroidManifest.xml:13:120-144
183            android:stateNotNeeded="true"
183-->[com.google.android.play:core:1.10.0] AndroidManifest.xml:13:145-174
184            android:theme="@style/Theme.PlayCore.Transparent" /> <!-- The services will be merged into the manifest of the hosting app. -->
184-->[com.google.android.play:core:1.10.0] AndroidManifest.xml:13:175-224
185        <service
185-->[com.google.android.play:core:1.10.0] AndroidManifest.xml:16:5-18:15
186            android:name="com.google.android.play.core.assetpacks.AssetPackExtractionService"
186-->[com.google.android.play:core:1.10.0] AndroidManifest.xml:16:14-95
187            android:enabled="false"
187-->[com.google.android.play:core:1.10.0] AndroidManifest.xml:16:96-119
188            android:exported="true" >
188-->[com.google.android.play:core:1.10.0] AndroidManifest.xml:16:120-143
189            <meta-data
189-->[com.google.android.play:core:1.10.0] AndroidManifest.xml:17:7-108
190                android:name="com.google.android.play.core.assetpacks.versionCode"
190-->[com.google.android.play:core:1.10.0] AndroidManifest.xml:17:18-84
191                android:value="11000" />
191-->[com.google.android.play:core:1.10.0] AndroidManifest.xml:17:85-106
192        </service>
193        <service
193-->[com.google.android.play:core:1.10.0] AndroidManifest.xml:19:5-147
194            android:name="com.google.android.play.core.assetpacks.ExtractionForegroundService"
194-->[com.google.android.play:core:1.10.0] AndroidManifest.xml:19:14-96
195            android:enabled="false"
195-->[com.google.android.play:core:1.10.0] AndroidManifest.xml:19:97-120
196            android:exported="false" />
196-->[com.google.android.play:core:1.10.0] AndroidManifest.xml:19:121-145
197        <service
197-->[com.google.firebase:firebase-crashlytics:18.2.8] AndroidManifest.xml:15:9-21:19
198            android:name="com.google.firebase.components.ComponentDiscoveryService"
198-->[com.google.firebase:firebase-crashlytics:18.2.8] AndroidManifest.xml:16:13-84
199            android:directBootAware="true"
199-->[com.google.firebase:firebase-common:20.0.0] AndroidManifest.xml:35:13-43
200            android:exported="false" >
200-->[com.google.firebase:firebase-crashlytics:18.2.8] AndroidManifest.xml:17:13-37
201            <meta-data
201-->[com.google.firebase:firebase-crashlytics:18.2.8] AndroidManifest.xml:18:13-20:85
202                android:name="com.google.firebase.components:com.google.firebase.crashlytics.CrashlyticsRegistrar"
202-->[com.google.firebase:firebase-crashlytics:18.2.8] AndroidManifest.xml:19:17-115
203                android:value="com.google.firebase.components.ComponentRegistrar" />
203-->[com.google.firebase:firebase-crashlytics:18.2.8] AndroidManifest.xml:20:17-82
204            <meta-data
204-->[com.google.android.gms:play-services-measurement-api:20.1.0] AndroidManifest.xml:30:13-32:85
205                android:name="com.google.firebase.components:com.google.firebase.analytics.connector.internal.AnalyticsConnectorRegistrar"
205-->[com.google.android.gms:play-services-measurement-api:20.1.0] AndroidManifest.xml:31:17-139
206                android:value="com.google.firebase.components.ComponentRegistrar" />
206-->[com.google.android.gms:play-services-measurement-api:20.1.0] AndroidManifest.xml:32:17-82
207            <meta-data
207-->[com.google.firebase:firebase-installations:17.0.0] AndroidManifest.xml:18:13-20:85
208                android:name="com.google.firebase.components:com.google.firebase.installations.FirebaseInstallationsRegistrar"
208-->[com.google.firebase:firebase-installations:17.0.0] AndroidManifest.xml:19:17-127
209                android:value="com.google.firebase.components.ComponentRegistrar" />
209-->[com.google.firebase:firebase-installations:17.0.0] AndroidManifest.xml:20:17-82
210        </service>
211
212        <activity
212-->[com.google.android.gms:play-services-base:17.6.0] AndroidManifest.xml:23:9-26:75
213            android:name="com.google.android.gms.common.api.GoogleApiActivity"
213-->[com.google.android.gms:play-services-base:17.6.0] AndroidManifest.xml:24:13-79
214            android:exported="false"
214-->[com.google.android.gms:play-services-base:17.6.0] AndroidManifest.xml:25:13-37
215            android:theme="@android:style/Theme.Translucent.NoTitleBar" /> <!-- Include the AdActivity and InAppPurchaseActivity configChanges and themes. -->
215-->[com.google.android.gms:play-services-base:17.6.0] AndroidManifest.xml:26:13-72
216        <activity
216-->[com.google.android.gms:play-services-ads-lite:20.5.0] AndroidManifest.xml:49:9-53:64
217            android:name="com.google.android.gms.ads.AdActivity"
217-->[com.google.android.gms:play-services-ads-lite:20.5.0] AndroidManifest.xml:50:13-65
218            android:configChanges="keyboard|keyboardHidden|orientation|screenLayout|uiMode|screenSize|smallestScreenSize"
218-->[com.google.android.gms:play-services-ads-lite:20.5.0] AndroidManifest.xml:51:13-122
219            android:exported="false"
219-->[com.google.android.gms:play-services-ads-lite:20.5.0] AndroidManifest.xml:52:13-37
220            android:theme="@android:style/Theme.Translucent" />
220-->[com.google.android.gms:play-services-ads-lite:20.5.0] AndroidManifest.xml:53:13-61
221
222        <provider
222-->[com.google.android.gms:play-services-ads-lite:20.5.0] AndroidManifest.xml:55:9-59:39
223            android:name="com.google.android.gms.ads.MobileAdsInitProvider"
223-->[com.google.android.gms:play-services-ads-lite:20.5.0] AndroidManifest.xml:56:13-76
224            android:authorities="com.skytek.live.wallpapers.mobileadsinitprovider"
224-->[com.google.android.gms:play-services-ads-lite:20.5.0] AndroidManifest.xml:57:13-73
225            android:exported="false"
225-->[com.google.android.gms:play-services-ads-lite:20.5.0] AndroidManifest.xml:58:13-37
226            android:initOrder="100" />
226-->[com.google.android.gms:play-services-ads-lite:20.5.0] AndroidManifest.xml:59:13-36
227
228        <service
228-->[com.google.android.gms:play-services-ads-lite:20.5.0] AndroidManifest.xml:61:9-64:40
229            android:name="com.google.android.gms.ads.AdService"
229-->[com.google.android.gms:play-services-ads-lite:20.5.0] AndroidManifest.xml:62:13-64
230            android:enabled="true"
230-->[com.google.android.gms:play-services-ads-lite:20.5.0] AndroidManifest.xml:63:13-35
231            android:exported="false" />
231-->[com.google.android.gms:play-services-ads-lite:20.5.0] AndroidManifest.xml:64:13-37
232
233        <activity
233-->[com.facebook.android:audience-network-sdk:6.8.0] AndroidManifest.xml:19:9-23:75
234            android:name="com.facebook.ads.AudienceNetworkActivity"
234-->[com.facebook.android:audience-network-sdk:6.8.0] AndroidManifest.xml:20:13-68
235            android:configChanges="keyboardHidden|orientation|screenSize"
235-->[com.facebook.android:audience-network-sdk:6.8.0] AndroidManifest.xml:21:13-74
236            android:exported="false"
236-->[com.facebook.android:audience-network-sdk:6.8.0] AndroidManifest.xml:22:13-37
237            android:theme="@android:style/Theme.Translucent.NoTitleBar" />
237-->[com.facebook.android:audience-network-sdk:6.8.0] AndroidManifest.xml:23:13-72
238
239        <provider
239-->[com.facebook.android:audience-network-sdk:6.8.0] AndroidManifest.xml:25:9-28:40
240            android:name="com.facebook.ads.AudienceNetworkContentProvider"
240-->[com.facebook.android:audience-network-sdk:6.8.0] AndroidManifest.xml:26:13-75
241            android:authorities="com.skytek.live.wallpapers.AudienceNetworkContentProvider"
241-->[com.facebook.android:audience-network-sdk:6.8.0] AndroidManifest.xml:27:13-82
242            android:exported="false" />
242-->[com.facebook.android:audience-network-sdk:6.8.0] AndroidManifest.xml:28:13-37
243        <provider
243-->[com.google.firebase:firebase-common:20.0.0] AndroidManifest.xml:26:9-31:39
244            android:name="com.google.firebase.provider.FirebaseInitProvider"
244-->[com.google.firebase:firebase-common:20.0.0] AndroidManifest.xml:27:13-77
245            android:authorities="com.skytek.live.wallpapers.firebaseinitprovider"
245-->[com.google.firebase:firebase-common:20.0.0] AndroidManifest.xml:28:13-72
246            android:directBootAware="true"
246-->[com.google.firebase:firebase-common:20.0.0] AndroidManifest.xml:29:13-43
247            android:exported="false"
247-->[com.google.firebase:firebase-common:20.0.0] AndroidManifest.xml:30:13-37
248            android:initOrder="100" />
248-->[com.google.firebase:firebase-common:20.0.0] AndroidManifest.xml:31:13-36
249
250        <receiver
250-->[com.google.android.gms:play-services-measurement:20.1.0] AndroidManifest.xml:29:9-33:20
251            android:name="com.google.android.gms.measurement.AppMeasurementReceiver"
251-->[com.google.android.gms:play-services-measurement:20.1.0] AndroidManifest.xml:30:13-85
252            android:enabled="true"
252-->[com.google.android.gms:play-services-measurement:20.1.0] AndroidManifest.xml:31:13-35
253            android:exported="false" >
253-->[com.google.android.gms:play-services-measurement:20.1.0] AndroidManifest.xml:32:13-37
254        </receiver>
255
256        <service
256-->[com.google.android.gms:play-services-measurement:20.1.0] AndroidManifest.xml:35:9-38:40
257            android:name="com.google.android.gms.measurement.AppMeasurementService"
257-->[com.google.android.gms:play-services-measurement:20.1.0] AndroidManifest.xml:36:13-84
258            android:enabled="true"
258-->[com.google.android.gms:play-services-measurement:20.1.0] AndroidManifest.xml:37:13-35
259            android:exported="false" />
259-->[com.google.android.gms:play-services-measurement:20.1.0] AndroidManifest.xml:38:13-37
260        <service
260-->[com.google.android.gms:play-services-measurement:20.1.0] AndroidManifest.xml:39:9-43:72
261            android:name="com.google.android.gms.measurement.AppMeasurementJobService"
261-->[com.google.android.gms:play-services-measurement:20.1.0] AndroidManifest.xml:40:13-87
262            android:enabled="true"
262-->[com.google.android.gms:play-services-measurement:20.1.0] AndroidManifest.xml:41:13-35
263            android:exported="false"
263-->[com.google.android.gms:play-services-measurement:20.1.0] AndroidManifest.xml:42:13-37
264            android:permission="android.permission.BIND_JOB_SERVICE" />
264-->[com.google.android.gms:play-services-measurement:20.1.0] AndroidManifest.xml:43:13-69
265
266        <meta-data
266-->[com.google.android.gms:play-services-basement:18.0.0] AndroidManifest.xml:21:9-23:69
267            android:name="com.google.android.gms.version"
267-->[com.google.android.gms:play-services-basement:18.0.0] AndroidManifest.xml:22:13-58
268            android:value="@integer/google_play_services_version" />
268-->[com.google.android.gms:play-services-basement:18.0.0] AndroidManifest.xml:23:13-66
269
270        <provider
270-->[androidx.lifecycle:lifecycle-process:2.0.0] AndroidManifest.xml:23:9-27:43
271            android:name="androidx.lifecycle.ProcessLifecycleOwnerInitializer"
271-->[androidx.lifecycle:lifecycle-process:2.0.0] AndroidManifest.xml:24:13-79
272            android:authorities="com.skytek.live.wallpapers.lifecycle-process"
272-->[androidx.lifecycle:lifecycle-process:2.0.0] AndroidManifest.xml:25:13-69
273            android:exported="false"
273-->[androidx.lifecycle:lifecycle-process:2.0.0] AndroidManifest.xml:26:13-37
274            android:multiprocess="true" />
274-->[androidx.lifecycle:lifecycle-process:2.0.0] AndroidManifest.xml:27:13-40
275        <provider
275-->[androidx.work:work-runtime:2.7.0] AndroidManifest.xml:31:9-39:20
276            android:name="androidx.startup.InitializationProvider"
276-->[androidx.work:work-runtime:2.7.0] AndroidManifest.xml:32:13-67
277            android:authorities="com.skytek.live.wallpapers.androidx-startup"
277-->[androidx.work:work-runtime:2.7.0] AndroidManifest.xml:33:13-68
278            android:exported="false" >
278-->[androidx.work:work-runtime:2.7.0] AndroidManifest.xml:34:13-37
279            <meta-data
279-->[androidx.work:work-runtime:2.7.0] AndroidManifest.xml:36:13-38:52
280                android:name="androidx.work.WorkManagerInitializer"
280-->[androidx.work:work-runtime:2.7.0] AndroidManifest.xml:37:17-68
281                android:value="androidx.startup" />
281-->[androidx.work:work-runtime:2.7.0] AndroidManifest.xml:38:17-49
282        </provider>
283
284        <service
284-->[androidx.work:work-runtime:2.7.0] AndroidManifest.xml:41:9-46:35
285            android:name="androidx.work.impl.background.systemalarm.SystemAlarmService"
285-->[androidx.work:work-runtime:2.7.0] AndroidManifest.xml:42:13-88
286            android:directBootAware="false"
286-->[androidx.work:work-runtime:2.7.0] AndroidManifest.xml:43:13-44
287            android:enabled="@bool/enable_system_alarm_service_default"